# JRE version: OpenJDK Runtime Environment (11.0.11+9) (build 11.0.11+9-b60-7590822)
# Java VM: OpenJDK 64-Bit Server VM (11.0.11+9-b60-7590822, mixed mode, tiered, compressed oops, g1 gc, windows-amd64)
Heap:
 garbage-first heap   total 140288K, used 69717K [0x0000000080000000, 0x0000000100000000)
  region size 1024K, 1 young (1024K), 1 survivors (1024K)
 Metaspace       used 55415K, capacity 57004K, committed 57264K, reserved 1099776K
  class space    used 7096K, capacity 7669K, committed 7680K, reserved 1048576K
GC Heap History (20 events):
Event: 17.849 GC heap after
{Heap after GC invocations=34 (full 0):
 garbage-first heap   total 78848K, used 49096K [0x0000000080000000, 0x0000000100000000)
  region size 1024K, 2 young (2048K), 2 survivors (2048K)
 Metaspace       used 45838K, capacity 47126K, committed 47152K, reserved 1089536K
  class space    used 5815K, capacity 6260K, committed 6272K, reserved 1048576K
}
Event: 18.044 GC heap before
{Heap before GC invocations=35 (full 0):
 garbage-first heap   total 78848K, used 51144K [0x0000000080000000, 0x0000000100000000)
  region size 1024K, 5 young (5120K), 2 survivors (2048K)
 Metaspace       used 46151K, capacity 47463K, committed 47536K, reserved 1091584K
  class space    used 5869K, capacity 6330K, committed 6400K, reserved 1048576K
}
Event: 18.051 GC heap after
{Heap after GC invocations=36 (full 0):
 garbage-first heap   total 78848K, used 49388K [0x0000000080000000, 0x0000000100000000)
  region size 1024K, 2 young (2048K), 2 survivors (2048K)
 Metaspace       used 46151K, capacity 47463K, committed 47536K, reserved 1091584K
  class space    used 5869K, capacity 6330K, committed 6400K, reserved 1048576K
}
Event: 18.334 GC heap before
{Heap before GC invocations=37 (full 0):
 garbage-first heap   total 78848K, used 63724K [0x0000000080000000, 0x0000000100000000)
  region size 1024K, 12 young (12288K), 2 survivors (2048K)
 Metaspace       used 46687K, capacity 48016K, committed 48176K, reserved 1091584K
  class space    used 5947K, capacity 6429K, committed 6528K, reserved 1048576K
}
Event: 18.340 GC heap after
{Heap after GC invocations=38 (full 0):
 garbage-first heap   total 95232K, used 54673K [0x0000000080000000, 0x0000000100000000)
  region size 1024K, 2 young (2048K), 2 survivors (2048K)
 Metaspace       used 46687K, capacity 48016K, committed 48176K, reserved 1091584K
  class space    used 5947K, capacity 6429K, committed 6528K, reserved 1048576K
}
Event: 18.697 GC heap before
{Heap before GC invocations=38 (full 0):
 garbage-first heap   total 95232K, used 70033K [0x0000000080000000, 0x0000000100000000)
  region size 1024K, 17 young (17408K), 2 survivors (2048K)
 Metaspace       used 47491K, capacity 48890K, committed 49072K, reserved 1091584K
  class space    used 6082K, capacity 6573K, committed 6656K, reserved 1048576K
}
Event: 18.701 GC heap after
{Heap after GC invocations=39 (full 0):
 garbage-first heap   total 95232K, used 55014K [0x0000000080000000, 0x0000000100000000)
  region size 1024K, 2 young (2048K), 2 survivors (2048K)
 Metaspace       used 47491K, capacity 48890K, committed 49072K, reserved 1091584K
  class space    used 6082K, capacity 6573K, committed 6656K, reserved 1048576K
}
Event: 19.039 GC heap before
{Heap before GC invocations=40 (full 0):
 garbage-first heap   total 95232K, used 71398K [0x0000000080000000, 0x0000000100000000)
  region size 1024K, 18 young (18432K), 2 survivors (2048K)
 Metaspace       used 48684K, capacity 50126K, committed 50224K, reserved 1093632K
  class space    used 6281K, capacity 6771K, committed 6784K, reserved 1048576K
}
Event: 19.046 GC heap after
{Heap after GC invocations=41 (full 0):
 garbage-first heap   total 95232K, used 55577K [0x0000000080000000, 0x0000000100000000)
  region size 1024K, 2 young (2048K), 2 survivors (2048K)
 Metaspace       used 48684K, capacity 50126K, committed 50224K, reserved 1093632K
  class space    used 6281K, capacity 6771K, committed 6784K, reserved 1048576K
}
Event: 19.905 GC heap before
{Heap before GC invocations=41 (full 0):
 garbage-first heap   total 95232K, used 71961K [0x0000000080000000, 0x0000000100000000)
  region size 1024K, 18 young (18432K), 2 survivors (2048K)
 Metaspace       used 49712K, capacity 51225K, committed 51376K, reserved 1093632K
  class space    used 6395K, capacity 6900K, committed 6912K, reserved 1048576K
}
Event: 19.919 GC heap after
{Heap after GC invocations=42 (full 0):
 garbage-first heap   total 95232K, used 57088K [0x0000000080000000, 0x0000000100000000)
  region size 1024K, 3 young (3072K), 3 survivors (3072K)
 Metaspace       used 49712K, capacity 51225K, committed 51376K, reserved 1093632K
  class space    used 6395K, capacity 6900K, committed 6912K, reserved 1048576K
}
Event: 20.728 GC heap before
{Heap before GC invocations=43 (full 0):
 garbage-first heap   total 95232K, used 72448K [0x0000000080000000, 0x0000000100000000)
  region size 1024K, 19 young (19456K), 3 survivors (3072K)
 Metaspace       used 50197K, capacity 51695K, committed 52016K, reserved 1093632K
  class space    used 6420K, capacity 6924K, committed 7040K, reserved 1048576K
}
Event: 20.738 GC heap after
{Heap after GC invocations=44 (full 0):
 garbage-first heap   total 116736K, used 57312K [0x0000000080000000, 0x0000000100000000)
  region size 1024K, 2 young (2048K), 2 survivors (2048K)
 Metaspace       used 50197K, capacity 51695K, committed 52016K, reserved 1093632K
  class space    used 6420K, capacity 6924K, committed 7040K, reserved 1048576K
}
Event: 20.858 GC heap before
{Heap before GC invocations=44 (full 0):
 garbage-first heap   total 116736K, used 60384K [0x0000000080000000, 0x0000000100000000)
  region size 1024K, 6 young (6144K), 2 survivors (2048K)
 Metaspace       used 50383K, capacity 51877K, committed 52016K, reserved 1093632K
  class space    used 6451K, capacity 6961K, committed 7040K, reserved 1048576K
}
Event: 20.866 GC heap after
{Heap after GC invocations=45 (full 0):
 garbage-first heap   total 116736K, used 57598K [0x0000000080000000, 0x0000000100000000)
  region size 1024K, 3 young (3072K), 3 survivors (3072K)
 Metaspace       used 50383K, capacity 51877K, committed 52016K, reserved 1093632K
  class space    used 6451K, capacity 6961K, committed 7040K, reserved 1048576K
}
Event: 21.268 GC heap before
{Heap before GC invocations=46 (full 0):
 garbage-first heap   total 116736K, used 64766K [0x0000000080000000, 0x0000000100000000)
  region size 1024K, 9 young (9216K), 3 survivors (3072K)
 Metaspace       used 50392K, capacity 51878K, committed 52016K, reserved 1093632K
  class space    used 6451K, capacity 6961K, committed 7040K, reserved 1048576K
}
Event: 21.283 GC heap after
{Heap after GC invocations=47 (full 0):
 garbage-first heap   total 116736K, used 64512K [0x0000000080000000, 0x0000000100000000)
  region size 1024K, 4 young (4096K), 4 survivors (4096K)
 Metaspace       used 50392K, capacity 51878K, committed 52016K, reserved 1093632K
  class space    used 6451K, capacity 6961K, committed 7040K, reserved 1048576K
}
Event: 21.842 GC heap before
{Heap before GC invocations=48 (full 0):
 garbage-first heap   total 116736K, used 87040K [0x0000000080000000, 0x0000000100000000)
  region size 1024K, 25 young (25600K), 4 survivors (4096K)
 Metaspace       used 52544K, capacity 54155K, committed 54320K, reserved 1095680K
  class space    used 6726K, capacity 7274K, committed 7296K, reserved 1048576K
}
Event: 21.850 GC heap after
{Heap after GC invocations=49 (full 0):
 garbage-first heap   total 116736K, used 68767K [0x0000000080000000, 0x0000000100000000)
  region size 1024K, 2 young (2048K), 2 survivors (2048K)
 Metaspace       used 52544K, capacity 54155K, committed 54320K, reserved 1095680K
  class space    used 6726K, capacity 7274K, committed 7296K, reserved 1048576K
}
Event: 22.550 GC heap before
{Heap before GC invocations=49 (full 0):
 garbage-first heap   total 116736K, used 88223K [0x0000000080000000, 0x0000000100000000)
  region size 1024K, 22 young (22528K), 2 survivors (2048K)
 Metaspace       used 55415K, capacity 57004K, committed 57264K, reserved 1099776K
  class space    used 7096K, capacity 7669K, committed 7680K, reserved 1048576K
}

