# JRE version: OpenJDK Runtime Environment (11.0.11+9) (build 11.0.11+9-b60-7590822)
# Java VM: OpenJDK 64-Bit Server VM (11.0.11+9-b60-7590822, mixed mode, tiered, compressed oops, g1 gc, windows-amd64)
Heap:
 garbage-first heap   total 114688K, used 65434K [0x0000000080000000, 0x0000000100000000)
  region size 1024K, 13 young (13312K), 3 survivors (3072K)
 Metaspace       used 49749K, capacity 51289K, committed 51504K, reserved 1093632K
  class space    used 6412K, capacity 6923K, committed 7040K, reserved 1048576K
GC Heap History (20 events):
Event: 12.210 GC heap before
{Heap before GC invocations=12 (full 0):
 garbage-first heap   total 78848K, used 59672K [0x0000000080000000, 0x0000000100000000)
  region size 1024K, 29 young (29696K), 3 survivors (3072K)
 Metaspace       used 38186K, capacity 39241K, committed 39344K, reserved 1083392K
  class space    used 4956K, capacity 5355K, committed 5376K, reserved 1048576K
}
Event: 12.223 GC heap after
{Heap after GC invocations=13 (full 0):
 garbage-first heap   total 78848K, used 37335K [0x0000000080000000, 0x0000000100000000)
  region size 1024K, 4 young (4096K), 4 survivors (4096K)
 Metaspace       used 38186K, capacity 39241K, committed 39344K, reserved 1083392K
  class space    used 4956K, capacity 5355K, committed 5376K, reserved 1048576K
}
Event: 12.439 GC heap before
{Heap before GC invocations=13 (full 0):
 garbage-first heap   total 78848K, used 50647K [0x0000000080000000, 0x0000000100000000)
  region size 1024K, 18 young (18432K), 4 survivors (4096K)
 Metaspace       used 38741K, capacity 39812K, committed 39984K, reserved 1083392K
  class space    used 5010K, capacity 5392K, committed 5504K, reserved 1048576K
}
Event: 12.454 GC heap after
{Heap after GC invocations=14 (full 0):
 garbage-first heap   total 78848K, used 39989K [0x0000000080000000, 0x0000000100000000)
  region size 1024K, 2 young (2048K), 2 survivors (2048K)
 Metaspace       used 38741K, capacity 39812K, committed 39984K, reserved 1083392K
  class space    used 5010K, capacity 5392K, committed 5504K, reserved 1048576K
}
Event: 13.158 GC heap before
{Heap before GC invocations=15 (full 0):
 garbage-first heap   total 78848K, used 60469K [0x0000000080000000, 0x0000000100000000)
  region size 1024K, 20 young (20480K), 2 survivors (2048K)
 Metaspace       used 41320K, capacity 42439K, committed 42544K, reserved 1085440K
  class space    used 5284K, capacity 5691K, committed 5760K, reserved 1048576K
}
Event: 13.168 GC heap after
{Heap after GC invocations=16 (full 0):
 garbage-first heap   total 78848K, used 39830K [0x0000000080000000, 0x0000000100000000)
  region size 1024K, 3 young (3072K), 3 survivors (3072K)
 Metaspace       used 41320K, capacity 42439K, committed 42544K, reserved 1085440K
  class space    used 5284K, capacity 5691K, committed 5760K, reserved 1048576K
}
Event: 13.808 GC heap before
{Heap before GC invocations=16 (full 0):
 garbage-first heap   total 78848K, used 59286K [0x0000000080000000, 0x0000000100000000)
  region size 1024K, 22 young (22528K), 3 survivors (3072K)
 Metaspace       used 42733K, capacity 43868K, committed 44080K, reserved 1087488K
  class space    used 5492K, capacity 5894K, committed 6016K, reserved 1048576K
}
Event: 13.815 GC heap after
{Heap after GC invocations=17 (full 0):
 garbage-first heap   total 78848K, used 40391K [0x0000000080000000, 0x0000000100000000)
  region size 1024K, 2 young (2048K), 2 survivors (2048K)
 Metaspace       used 42733K, capacity 43868K, committed 44080K, reserved 1087488K
  class space    used 5492K, capacity 5894K, committed 6016K, reserved 1048576K
}
Event: 14.202 GC heap before
{Heap before GC invocations=18 (full 0):
 garbage-first heap   total 78848K, used 44487K [0x0000000080000000, 0x0000000100000000)
  region size 1024K, 7 young (7168K), 2 survivors (2048K)
 Metaspace       used 42959K, capacity 44116K, committed 44336K, reserved 1087488K
  class space    used 5519K, capacity 5947K, committed 6016K, reserved 1048576K
}
Event: 14.212 GC heap after
{Heap after GC invocations=19 (full 0):
 garbage-first heap   total 78848K, used 40759K [0x0000000080000000, 0x0000000100000000)
  region size 1024K, 2 young (2048K), 2 survivors (2048K)
 Metaspace       used 42959K, capacity 44116K, committed 44336K, reserved 1087488K
  class space    used 5519K, capacity 5947K, committed 6016K, reserved 1048576K
}
Event: 14.614 GC heap before
{Heap before GC invocations=20 (full 0):
 garbage-first heap   total 78848K, used 56119K [0x0000000080000000, 0x0000000100000000)
  region size 1024K, 16 young (16384K), 2 survivors (2048K)
 Metaspace       used 43682K, capacity 44970K, committed 45232K, reserved 1089536K
  class space    used 5599K, capacity 6036K, committed 6144K, reserved 1048576K
}
Event: 14.626 GC heap after
{Heap after GC invocations=21 (full 0):
 garbage-first heap   total 95232K, used 46354K [0x0000000080000000, 0x0000000100000000)
  region size 1024K, 3 young (3072K), 3 survivors (3072K)
 Metaspace       used 43682K, capacity 44970K, committed 45232K, reserved 1089536K
  class space    used 5599K, capacity 6036K, committed 6144K, reserved 1048576K
}
Event: 15.283 GC heap before
{Heap before GC invocations=22 (full 0):
 garbage-first heap   total 95232K, used 70930K [0x0000000080000000, 0x0000000100000000)
  region size 1024K, 26 young (26624K), 3 survivors (3072K)
 Metaspace       used 45382K, capacity 46649K, committed 46896K, reserved 1089536K
  class space    used 5715K, capacity 6146K, committed 6272K, reserved 1048576K
}
Event: 15.297 GC heap after
{Heap after GC invocations=23 (full 0):
 garbage-first heap   total 95232K, used 48178K [0x0000000080000000, 0x0000000100000000)
  region size 1024K, 2 young (2048K), 2 survivors (2048K)
 Metaspace       used 45382K, capacity 46649K, committed 46896K, reserved 1089536K
  class space    used 5715K, capacity 6146K, committed 6272K, reserved 1048576K
}
Event: 15.932 GC heap before
{Heap before GC invocations=23 (full 0):
 garbage-first heap   total 95232K, used 66610K [0x0000000080000000, 0x0000000100000000)
  region size 1024K, 21 young (21504K), 2 survivors (2048K)
 Metaspace       used 46497K, capacity 47730K, committed 48048K, reserved 1091584K
  class space    used 5901K, capacity 6334K, committed 6400K, reserved 1048576K
}
Event: 15.943 GC heap after
{Heap after GC invocations=24 (full 0):
 garbage-first heap   total 95232K, used 49675K [0x0000000080000000, 0x0000000100000000)
  region size 1024K, 4 young (4096K), 4 survivors (4096K)
 Metaspace       used 46497K, capacity 47730K, committed 48048K, reserved 1091584K
  class space    used 5901K, capacity 6334K, committed 6400K, reserved 1048576K
}
Event: 16.381 GC heap before
{Heap before GC invocations=25 (full 0):
 garbage-first heap   total 95232K, used 75275K [0x0000000080000000, 0x0000000100000000)
  region size 1024K, 25 young (25600K), 4 survivors (4096K)
 Metaspace       used 47560K, capacity 48950K, committed 49200K, reserved 1091584K
  class space    used 6072K, capacity 6508K, committed 6528K, reserved 1048576K
}
Event: 16.391 GC heap after
{Heap after GC invocations=26 (full 0):
 garbage-first heap   total 95232K, used 55561K [0x0000000080000000, 0x0000000100000000)
  region size 1024K, 4 young (4096K), 4 survivors (4096K)
 Metaspace       used 47560K, capacity 48950K, committed 49200K, reserved 1091584K
  class space    used 6072K, capacity 6508K, committed 6528K, reserved 1048576K
}
Event: 16.815 GC heap before
{Heap before GC invocations=26 (full 0):
 garbage-first heap   total 95232K, used 76041K [0x0000000080000000, 0x0000000100000000)
  region size 1024K, 24 young (24576K), 4 survivors (4096K)
 Metaspace       used 49035K, capacity 50490K, committed 50608K, reserved 1093632K
  class space    used 6319K, capacity 6807K, committed 6912K, reserved 1048576K
}
Event: 16.827 GC heap after
{Heap after GC invocations=27 (full 0):
 garbage-first heap   total 114688K, used 56218K [0x0000000080000000, 0x0000000100000000)
  region size 1024K, 3 young (3072K), 3 survivors (3072K)
 Metaspace       used 49035K, capacity 50490K, committed 50608K, reserved 1093632K
  class space    used 6319K, capacity 6807K, committed 6912K, reserved 1048576K
}

