# JRE version: OpenJDK Runtime Environment (11.0.11+9) (build 11.0.11+9-b60-7590822)
# Java VM: OpenJDK 64-Bit Server VM (11.0.11+9-b60-7590822, mixed mode, tiered, compressed oops, g1 gc, windows-amd64)
Heap:
 garbage-first heap   total 176128K, used 133120K [0x0000000080000000, 0x0000000100000000)
  region size 1024K, 41 young (41984K), 6 survivors (6144K)
 Metaspace       used 88652K, capacity 90686K, committed 91036K, reserved 1128448K
  class space    used 11412K, capacity 12189K, committed 12288K, reserved 1048576K
GC Heap History (20 events):
Event: 65.867 GC heap before
{Heap before GC invocations=46 (full 0):
 garbage-first heap   total 95232K, used 68536K [0x0000000080000000, 0x0000000100000000)
  region size 1024K, 17 young (17408K), 1 survivors (1024K)
 Metaspace       used 65798K, capacity 67308K, committed 67484K, reserved 1107968K
  class space    used 8368K, capacity 8943K, committed 8960K, reserved 1048576K
}
Event: 65.876 GC heap after
{Heap after GC invocations=47 (full 0):
 garbage-first heap   total 95232K, used 54535K [0x0000000080000000, 0x0000000100000000)
  region size 1024K, 3 young (3072K), 3 survivors (3072K)
 Metaspace       used 65798K, capacity 67308K, committed 67484K, reserved 1107968K
  class space    used 8368K, capacity 8943K, committed 8960K, reserved 1048576K
}
Event: 66.466 GC heap before
{Heap before GC invocations=48 (full 0):
 garbage-first heap   total 95232K, used 70919K [0x0000000080000000, 0x0000000100000000)
  region size 1024K, 19 young (19456K), 3 survivors (3072K)
 Metaspace       used 67893K, capacity 69439K, committed 69660K, reserved 1110016K
  class space    used 8753K, capacity 9335K, committed 9344K, reserved 1048576K
}
Event: 66.476 GC heap after
{Heap after GC invocations=49 (full 0):
 garbage-first heap   total 95232K, used 55467K [0x0000000080000000, 0x0000000100000000)
  region size 1024K, 3 young (3072K), 3 survivors (3072K)
 Metaspace       used 67893K, capacity 69439K, committed 69660K, reserved 1110016K
  class space    used 8753K, capacity 9335K, committed 9344K, reserved 1048576K
}
Event: 67.072 GC heap before
{Heap before GC invocations=49 (full 0):
 garbage-first heap   total 95232K, used 72875K [0x0000000080000000, 0x0000000100000000)
  region size 1024K, 20 young (20480K), 3 survivors (3072K)
 Metaspace       used 69904K, capacity 71473K, committed 71580K, reserved 1112064K
  class space    used 9067K, capacity 9645K, committed 9728K, reserved 1048576K
}
Event: 67.084 GC heap after
{Heap after GC invocations=50 (full 0):
 garbage-first heap   total 95232K, used 56965K [0x0000000080000000, 0x0000000100000000)
  region size 1024K, 3 young (3072K), 3 survivors (3072K)
 Metaspace       used 69904K, capacity 71473K, committed 71580K, reserved 1112064K
  class space    used 9067K, capacity 9645K, committed 9728K, reserved 1048576K
}
Event: 67.672 GC heap before
{Heap before GC invocations=51 (full 0):
 garbage-first heap   total 95232K, used 74373K [0x0000000080000000, 0x0000000100000000)
  region size 1024K, 20 young (20480K), 3 survivors (3072K)
 Metaspace       used 71295K, capacity 72915K, committed 73116K, reserved 1112064K
  class space    used 9268K, capacity 9883K, committed 9984K, reserved 1048576K
}
Event: 67.688 GC heap after
{Heap after GC invocations=52 (full 0):
 garbage-first heap   total 122880K, used 58255K [0x0000000080000000, 0x0000000100000000)
  region size 1024K, 3 young (3072K), 3 survivors (3072K)
 Metaspace       used 71295K, capacity 72915K, committed 73116K, reserved 1112064K
  class space    used 9268K, capacity 9883K, committed 9984K, reserved 1048576K
}
Event: 68.612 GC heap before
{Heap before GC invocations=52 (full 0):
 garbage-first heap   total 122880K, used 87951K [0x0000000080000000, 0x0000000100000000)
  region size 1024K, 32 young (32768K), 3 survivors (3072K)
 Metaspace       used 73777K, capacity 75540K, committed 75804K, reserved 1114112K
  class space    used 9612K, capacity 10278K, committed 10368K, reserved 1048576K
}
Event: 68.643 GC heap after
{Heap after GC invocations=53 (full 0):
 garbage-first heap   total 122880K, used 59895K [0x0000000080000000, 0x0000000100000000)
  region size 1024K, 3 young (3072K), 3 survivors (3072K)
 Metaspace       used 73777K, capacity 75540K, committed 75804K, reserved 1114112K
  class space    used 9612K, capacity 10278K, committed 10368K, reserved 1048576K
}
Event: 69.850 GC heap before
{Heap before GC invocations=54 (full 0):
 garbage-first heap   total 122880K, used 90615K [0x0000000080000000, 0x0000000100000000)
  region size 1024K, 33 young (33792K), 3 survivors (3072K)
 Metaspace       used 77634K, capacity 79454K, committed 79644K, reserved 1118208K
  class space    used 10127K, capacity 10801K, committed 10880K, reserved 1048576K
}
Event: 69.865 GC heap after
{Heap after GC invocations=55 (full 0):
 garbage-first heap   total 122880K, used 61688K [0x0000000080000000, 0x0000000100000000)
  region size 1024K, 4 young (4096K), 4 survivors (4096K)
 Metaspace       used 77634K, capacity 79454K, committed 79644K, reserved 1118208K
  class space    used 10127K, capacity 10801K, committed 10880K, reserved 1048576K
}
Event: 71.840 GC heap before
{Heap before GC invocations=55 (full 0):
 garbage-first heap   total 122880K, used 92408K [0x0000000080000000, 0x0000000100000000)
  region size 1024K, 34 young (34816K), 4 survivors (4096K)
 Metaspace       used 80001K, capacity 81986K, committed 82076K, reserved 1120256K
  class space    used 10502K, capacity 11261K, committed 11264K, reserved 1048576K
}
Event: 71.870 GC heap after
{Heap after GC invocations=56 (full 0):
 garbage-first heap   total 122880K, used 63988K [0x0000000080000000, 0x0000000100000000)
  region size 1024K, 4 young (4096K), 4 survivors (4096K)
 Metaspace       used 80001K, capacity 81986K, committed 82076K, reserved 1120256K
  class space    used 10502K, capacity 11261K, committed 11264K, reserved 1048576K
}
Event: 72.952 GC heap before
{Heap before GC invocations=57 (full 0):
 garbage-first heap   total 122880K, used 93684K [0x0000000080000000, 0x0000000100000000)
  region size 1024K, 34 young (34816K), 4 survivors (4096K)
 Metaspace       used 80476K, capacity 82537K, committed 82716K, reserved 1120256K
  class space    used 10559K, capacity 11336K, committed 11392K, reserved 1048576K
}
Event: 72.976 GC heap after
{Heap after GC invocations=58 (full 0):
 garbage-first heap   total 176128K, used 66048K [0x0000000080000000, 0x0000000100000000)
  region size 1024K, 5 young (5120K), 5 survivors (5120K)
 Metaspace       used 80476K, capacity 82537K, committed 82716K, reserved 1120256K
  class space    used 10559K, capacity 11336K, committed 11392K, reserved 1048576K
}
Event: 74.720 GC heap before
{Heap before GC invocations=58 (full 0):
 garbage-first heap   total 176128K, used 116224K [0x0000000080000000, 0x0000000100000000)
  region size 1024K, 53 young (54272K), 5 survivors (5120K)
 Metaspace       used 82763K, capacity 84806K, committed 85020K, reserved 1122304K
  class space    used 10770K, capacity 11550K, committed 11648K, reserved 1048576K
}
Event: 74.803 GC heap after
{Heap after GC invocations=59 (full 0):
 garbage-first heap   total 176128K, used 78927K [0x0000000080000000, 0x0000000100000000)
  region size 1024K, 7 young (7168K), 7 survivors (7168K)
 Metaspace       used 82763K, capacity 84806K, committed 85020K, reserved 1122304K
  class space    used 10770K, capacity 11550K, committed 11648K, reserved 1048576K
}
Event: 75.849 GC heap before
{Heap before GC invocations=59 (full 0):
 garbage-first heap   total 176128K, used 107599K [0x0000000080000000, 0x0000000100000000)
  region size 1024K, 33 young (33792K), 7 survivors (7168K)
 Metaspace       used 85159K, capacity 87164K, committed 87324K, reserved 1124352K
  class space    used 11061K, capacity 11846K, committed 11904K, reserved 1048576K
}
Event: 75.887 GC heap after
{Heap after GC invocations=60 (full 0):
 garbage-first heap   total 176128K, used 87040K [0x0000000080000000, 0x0000000100000000)
  region size 1024K, 6 young (6144K), 6 survivors (6144K)
 Metaspace       used 85159K, capacity 87164K, committed 87324K, reserved 1124352K
  class space    used 11061K, capacity 11846K, committed 11904K, reserved 1048576K
}

