# JRE version: OpenJDK Runtime Environment (11.0.11+9) (build 11.0.11+9-b60-7590822)
# Java VM: OpenJDK 64-Bit Server VM (11.0.11+9-b60-7590822, mixed mode, tiered, compressed oops, g1 gc, windows-amd64)
Heap:
 garbage-first heap   total 138240K, used 68880K [0x0000000080000000, 0x0000000100000000)
  region size 1024K, 2 young (2048K), 2 survivors (2048K)
 Metaspace       used 52765K, capacity 54337K, committed 54576K, reserved 1097728K
  class space    used 6753K, capacity 7270K, committed 7296K, reserved 1048576K
GC Heap History (20 events):
Event: 11.407 GC heap after
{Heap after GC invocations=15 (full 0):
 garbage-first heap   total 78848K, used 36311K [0x0000000080000000, 0x0000000100000000)
  region size 1024K, 4 young (4096K), 4 survivors (4096K)
 Metaspace       used 38172K, capacity 39241K, committed 39344K, reserved 1083392K
  class space    used 4950K, capacity 5355K, committed 5376K, reserved 1048576K
}
Event: 12.144 GC heap before
{Heap before GC invocations=15 (full 0):
 garbage-first heap   total 78848K, used 60887K [0x0000000080000000, 0x0000000100000000)
  region size 1024K, 26 young (26624K), 4 survivors (4096K)
 Metaspace       used 39911K, capacity 41019K, committed 41264K, reserved 1085440K
  class space    used 5069K, capacity 5453K, committed 5504K, reserved 1048576K
}
Event: 12.157 GC heap after
{Heap after GC invocations=16 (full 0):
 garbage-first heap   total 78848K, used 39053K [0x0000000080000000, 0x0000000100000000)
  region size 1024K, 3 young (3072K), 3 survivors (3072K)
 Metaspace       used 39911K, capacity 41019K, committed 41264K, reserved 1085440K
  class space    used 5069K, capacity 5453K, committed 5504K, reserved 1048576K
}
Event: 12.592 GC heap before
{Heap before GC invocations=16 (full 0):
 garbage-first heap   total 78848K, used 59533K [0x0000000080000000, 0x0000000100000000)
  region size 1024K, 23 young (23552K), 3 survivors (3072K)
 Metaspace       used 41549K, capacity 42690K, committed 42800K, reserved 1087488K
  class space    used 5331K, capacity 5733K, committed 5760K, reserved 1048576K
}
Event: 12.601 GC heap after
{Heap after GC invocations=17 (full 0):
 garbage-first heap   total 95232K, used 39936K [0x0000000080000000, 0x0000000100000000)
  region size 1024K, 1 young (1024K), 1 survivors (1024K)
 Metaspace       used 41549K, capacity 42690K, committed 42800K, reserved 1087488K
  class space    used 5331K, capacity 5733K, committed 5760K, reserved 1048576K
}
Event: 13.431 GC heap before
{Heap before GC invocations=18 (full 0):
 garbage-first heap   total 95232K, used 69632K [0x0000000080000000, 0x0000000100000000)
  region size 1024K, 28 young (28672K), 1 survivors (1024K)
 Metaspace       used 43225K, capacity 44478K, committed 44592K, reserved 1087488K
  class space    used 5554K, capacity 6000K, committed 6016K, reserved 1048576K
}
Event: 13.446 GC heap after
{Heap after GC invocations=19 (full 0):
 garbage-first heap   total 95232K, used 45798K [0x0000000080000000, 0x0000000100000000)
  region size 1024K, 4 young (4096K), 4 survivors (4096K)
 Metaspace       used 43225K, capacity 44478K, committed 44592K, reserved 1087488K
  class space    used 5554K, capacity 6000K, committed 6016K, reserved 1048576K
}
Event: 13.872 GC heap before
{Heap before GC invocations=19 (full 0):
 garbage-first heap   total 95232K, used 72422K [0x0000000080000000, 0x0000000100000000)
  region size 1024K, 29 young (29696K), 4 survivors (4096K)
 Metaspace       used 45001K, capacity 46318K, committed 46512K, reserved 1089536K
  class space    used 5683K, capacity 6142K, committed 6144K, reserved 1048576K
}
Event: 13.882 GC heap after
{Heap after GC invocations=20 (full 0):
 garbage-first heap   total 95232K, used 47832K [0x0000000080000000, 0x0000000100000000)
  region size 1024K, 3 young (3072K), 3 survivors (3072K)
 Metaspace       used 45001K, capacity 46318K, committed 46512K, reserved 1089536K
  class space    used 5683K, capacity 6142K, committed 6144K, reserved 1048576K
}
Event: 14.242 GC heap before
{Heap before GC invocations=20 (full 0):
 garbage-first heap   total 95232K, used 65240K [0x0000000080000000, 0x0000000100000000)
  region size 1024K, 21 young (21504K), 3 survivors (3072K)
 Metaspace       used 46061K, capacity 47398K, committed 47536K, reserved 1091584K
  class space    used 5856K, capacity 6330K, committed 6400K, reserved 1048576K
}
Event: 14.257 GC heap after
{Heap after GC invocations=21 (full 0):
 garbage-first heap   total 95232K, used 49066K [0x0000000080000000, 0x0000000100000000)
  region size 1024K, 4 young (4096K), 4 survivors (4096K)
 Metaspace       used 46061K, capacity 47398K, committed 47536K, reserved 1091584K
  class space    used 5856K, capacity 6330K, committed 6400K, reserved 1048576K
}
Event: 14.699 GC heap before
{Heap before GC invocations=22 (full 0):
 garbage-first heap   total 95232K, used 77738K [0x0000000080000000, 0x0000000100000000)
  region size 1024K, 29 young (29696K), 4 survivors (4096K)
 Metaspace       used 47402K, capacity 48793K, committed 49072K, reserved 1091584K
  class space    used 6069K, capacity 6541K, committed 6656K, reserved 1048576K
}
Event: 14.711 GC heap after
{Heap after GC invocations=23 (full 0):
 garbage-first heap   total 114688K, used 54872K [0x0000000080000000, 0x0000000100000000)
  region size 1024K, 4 young (4096K), 4 survivors (4096K)
 Metaspace       used 47402K, capacity 48793K, committed 49072K, reserved 1091584K
  class space    used 6069K, capacity 6541K, committed 6656K, reserved 1048576K
}
Event: 15.622 GC heap before
{Heap before GC invocations=23 (full 0):
 garbage-first heap   total 114688K, used 86616K [0x0000000080000000, 0x0000000100000000)
  region size 1024K, 35 young (35840K), 4 survivors (4096K)
 Metaspace       used 49598K, capacity 51091K, committed 51376K, reserved 1093632K
  class space    used 6376K, capacity 6855K, committed 6912K, reserved 1048576K
}
Event: 15.641 GC heap after
{Heap after GC invocations=24 (full 0):
 garbage-first heap   total 114688K, used 56690K [0x0000000080000000, 0x0000000100000000)
  region size 1024K, 4 young (4096K), 4 survivors (4096K)
 Metaspace       used 49598K, capacity 51091K, committed 51376K, reserved 1093632K
  class space    used 6376K, capacity 6855K, committed 6912K, reserved 1048576K
}
Event: 16.517 GC heap before
{Heap before GC invocations=25 (full 0):
 garbage-first heap   total 114688K, used 77170K [0x0000000080000000, 0x0000000100000000)
  region size 1024K, 26 young (26624K), 4 survivors (4096K)
 Metaspace       used 50341K, capacity 51862K, committed 52016K, reserved 1093632K
  class space    used 6445K, capacity 6955K, committed 7040K, reserved 1048576K
}
Event: 16.531 GC heap after
{Heap after GC invocations=26 (full 0):
 garbage-first heap   total 114688K, used 57818K [0x0000000080000000, 0x0000000100000000)
  region size 1024K, 3 young (3072K), 3 survivors (3072K)
 Metaspace       used 50341K, capacity 51862K, committed 52016K, reserved 1093632K
  class space    used 6445K, capacity 6955K, committed 7040K, reserved 1048576K
}
Event: 16.751 GC heap before
{Heap before GC invocations=27 (full 0):
 garbage-first heap   total 114688K, used 64986K [0x0000000080000000, 0x0000000100000000)
  region size 1024K, 9 young (9216K), 3 survivors (3072K)
 Metaspace       used 50352K, capacity 51862K, committed 52016K, reserved 1093632K
  class space    used 6445K, capacity 6955K, committed 7040K, reserved 1048576K
}
Event: 16.767 GC heap after
{Heap after GC invocations=28 (full 0):
 garbage-first heap   total 114688K, used 64811K [0x0000000080000000, 0x0000000100000000)
  region size 1024K, 5 young (5120K), 5 survivors (5120K)
 Metaspace       used 50352K, capacity 51862K, committed 52016K, reserved 1093632K
  class space    used 6445K, capacity 6955K, committed 7040K, reserved 1048576K
}
Event: 17.622 GC heap before
{Heap before GC invocations=29 (full 0):
 garbage-first heap   total 114688K, used 90411K [0x0000000080000000, 0x0000000100000000)
  region size 1024K, 28 young (28672K), 5 survivors (5120K)
 Metaspace       used 52765K, capacity 54337K, committed 54576K, reserved 1097728K
  class space    used 6753K, capacity 7270K, committed 7296K, reserved 1048576K
}

