# JRE version: OpenJDK Runtime Environment (11.0.11+9) (build 11.0.11+9-b60-7590822)
# Java VM: OpenJDK 64-Bit Server VM (11.0.11+9-b60-7590822, mixed mode, tiered, compressed oops, g1 gc, windows-amd64)
Heap:
 garbage-first heap   total 114688K, used 91370K [0x0000000080000000, 0x0000000100000000)
  region size 1024K, 41 young (41984K), 4 survivors (4096K)
 Metaspace       used 52196K, capacity 53730K, committed 54064K, reserved 1095680K
  class space    used 6656K, capacity 7179K, committed 7296K, reserved 1048576K
GC Heap History (20 events):
Event: 12.662 GC heap before
{Heap before GC invocations=11 (full 0):
 garbage-first heap   total 78848K, used 57864K [0x0000000080000000, 0x0000000100000000)
  region size 1024K, 28 young (28672K), 3 survivors (3072K)
 Metaspace       used 38197K, capacity 39246K, committed 39344K, reserved 1083392K
  class space    used 4958K, capacity 5355K, committed 5376K, reserved 1048576K
}
Event: 12.676 GC heap after
{Heap after GC invocations=12 (full 0):
 garbage-first heap   total 78848K, used 36373K [0x0000000080000000, 0x0000000100000000)
  region size 1024K, 4 young (4096K), 4 survivors (4096K)
 Metaspace       used 38197K, capacity 39246K, committed 39344K, reserved 1083392K
  class space    used 4958K, capacity 5355K, committed 5376K, reserved 1048576K
}
Event: 13.257 GC heap before
{Heap before GC invocations=12 (full 0):
 garbage-first heap   total 78848K, used 61973K [0x0000000080000000, 0x0000000100000000)
  region size 1024K, 27 young (27648K), 4 survivors (4096K)
 Metaspace       used 40263K, capacity 41365K, committed 41648K, reserved 1085440K
  class space    used 5130K, capacity 5523K, committed 5632K, reserved 1048576K
}
Event: 13.268 GC heap after
{Heap after GC invocations=13 (full 0):
 garbage-first heap   total 78848K, used 37836K [0x0000000080000000, 0x0000000100000000)
  region size 1024K, 2 young (2048K), 2 survivors (2048K)
 Metaspace       used 40263K, capacity 41365K, committed 41648K, reserved 1085440K
  class space    used 5130K, capacity 5523K, committed 5632K, reserved 1048576K
}
Event: 13.743 GC heap before
{Heap before GC invocations=13 (full 0):
 garbage-first heap   total 78848K, used 61388K [0x0000000080000000, 0x0000000100000000)
  region size 1024K, 25 young (25600K), 2 survivors (2048K)
 Metaspace       used 42053K, capacity 43204K, committed 43440K, reserved 1087488K
  class space    used 5405K, capacity 5819K, committed 5888K, reserved 1048576K
}
Event: 13.751 GC heap after
{Heap after GC invocations=14 (full 0):
 garbage-first heap   total 78848K, used 38551K [0x0000000080000000, 0x0000000100000000)
  region size 1024K, 3 young (3072K), 3 survivors (3072K)
 Metaspace       used 42053K, capacity 43204K, committed 43440K, reserved 1087488K
  class space    used 5405K, capacity 5819K, committed 5888K, reserved 1048576K
}
Event: 14.967 GC heap before
{Heap before GC invocations=15 (full 0):
 garbage-first heap   total 78848K, used 61079K [0x0000000080000000, 0x0000000100000000)
  region size 1024K, 26 young (26624K), 3 survivors (3072K)
 Metaspace       used 45171K, capacity 46411K, committed 46512K, reserved 1089536K
  class space    used 5928K, capacity 6375K, committed 6400K, reserved 1048576K
}
Event: 14.979 GC heap after
{Heap after GC invocations=16 (full 0):
 garbage-first heap   total 78848K, used 40293K [0x0000000080000000, 0x0000000100000000)
  region size 1024K, 3 young (3072K), 3 survivors (3072K)
 Metaspace       used 45171K, capacity 46411K, committed 46512K, reserved 1089536K
  class space    used 5928K, capacity 6375K, committed 6400K, reserved 1048576K
}
Event: 15.442 GC heap before
{Heap before GC invocations=16 (full 0):
 garbage-first heap   total 78848K, used 62821K [0x0000000080000000, 0x0000000100000000)
  region size 1024K, 25 young (25600K), 3 survivors (3072K)
 Metaspace       used 45368K, capacity 46612K, committed 46768K, reserved 1089536K
  class space    used 5939K, capacity 6378K, committed 6400K, reserved 1048576K
}
Event: 15.460 GC heap after
{Heap after GC invocations=17 (full 0):
 garbage-first heap   total 95232K, used 41251K [0x0000000080000000, 0x0000000100000000)
  region size 1024K, 3 young (3072K), 3 survivors (3072K)
 Metaspace       used 45368K, capacity 46612K, committed 46768K, reserved 1089536K
  class space    used 5939K, capacity 6378K, committed 6400K, reserved 1048576K
}
Event: 15.925 GC heap before
{Heap before GC invocations=18 (full 0):
 garbage-first heap   total 95232K, used 69923K [0x0000000080000000, 0x0000000100000000)
  region size 1024K, 31 young (31744K), 3 survivors (3072K)
 Metaspace       used 45404K, capacity 46612K, committed 46768K, reserved 1089536K
  class space    used 5939K, capacity 6378K, committed 6400K, reserved 1048576K
}
Event: 15.934 GC heap after
{Heap after GC invocations=19 (full 0):
 garbage-first heap   total 95232K, used 42083K [0x0000000080000000, 0x0000000100000000)
  region size 1024K, 2 young (2048K), 2 survivors (2048K)
 Metaspace       used 45404K, capacity 46612K, committed 46768K, reserved 1089536K
  class space    used 5939K, capacity 6378K, committed 6400K, reserved 1048576K
}
Event: 16.317 GC heap before
{Heap before GC invocations=19 (full 0):
 garbage-first heap   total 95232K, used 71779K [0x0000000080000000, 0x0000000100000000)
  region size 1024K, 31 young (31744K), 2 survivors (2048K)
 Metaspace       used 45438K, capacity 46676K, committed 46768K, reserved 1089536K
  class space    used 5939K, capacity 6378K, committed 6400K, reserved 1048576K
}
Event: 16.327 GC heap after
{Heap after GC invocations=20 (full 0):
 garbage-first heap   total 95232K, used 42663K [0x0000000080000000, 0x0000000100000000)
  region size 1024K, 3 young (3072K), 3 survivors (3072K)
 Metaspace       used 45438K, capacity 46676K, committed 46768K, reserved 1089536K
  class space    used 5939K, capacity 6378K, committed 6400K, reserved 1048576K
}
Event: 17.714 GC heap before
{Heap before GC invocations=20 (full 0):
 garbage-first heap   total 95232K, used 62119K [0x0000000080000000, 0x0000000100000000)
  region size 1024K, 23 young (23552K), 3 survivors (3072K)
 Metaspace       used 48319K, capacity 49629K, committed 49712K, reserved 1091584K
  class space    used 6244K, capacity 6714K, committed 6784K, reserved 1048576K
}
Event: 17.724 GC heap after
{Heap after GC invocations=21 (full 0):
 garbage-first heap   total 95232K, used 44212K [0x0000000080000000, 0x0000000100000000)
  region size 1024K, 4 young (4096K), 4 survivors (4096K)
 Metaspace       used 48319K, capacity 49629K, committed 49712K, reserved 1091584K
  class space    used 6244K, capacity 6714K, committed 6784K, reserved 1048576K
}
Event: 18.014 GC heap before
{Heap before GC invocations=22 (full 0):
 garbage-first heap   total 95232K, used 74932K [0x0000000080000000, 0x0000000100000000)
  region size 1024K, 32 young (32768K), 4 survivors (4096K)
 Metaspace       used 48365K, capacity 49629K, committed 49712K, reserved 1091584K
  class space    used 6247K, capacity 6714K, committed 6784K, reserved 1048576K
}
Event: 18.024 GC heap after
{Heap after GC invocations=23 (full 0):
 garbage-first heap   total 114688K, used 48790K [0x0000000080000000, 0x0000000100000000)
  region size 1024K, 4 young (4096K), 4 survivors (4096K)
 Metaspace       used 48365K, capacity 49629K, committed 49712K, reserved 1091584K
  class space    used 6247K, capacity 6714K, committed 6784K, reserved 1048576K
}
Event: 19.188 GC heap before
{Heap before GC invocations=23 (full 0):
 garbage-first heap   total 114688K, used 86678K [0x0000000080000000, 0x0000000100000000)
  region size 1024K, 40 young (40960K), 4 survivors (4096K)
 Metaspace       used 50622K, capacity 52149K, committed 52400K, reserved 1095680K
  class space    used 6406K, capacity 6911K, committed 6912K, reserved 1048576K
}
Event: 19.200 GC heap after
{Heap after GC invocations=24 (full 0):
 garbage-first heap   total 114688K, used 50410K [0x0000000080000000, 0x0000000100000000)
  region size 1024K, 4 young (4096K), 4 survivors (4096K)
 Metaspace       used 50622K, capacity 52149K, committed 52400K, reserved 1095680K
  class space    used 6406K, capacity 6911K, committed 6912K, reserved 1048576K
}

